TN:
SF:components/Card.tsx
FN:7,(anonymous_0)
FNF:1
FNH:1
FNDA:16,(anonymous_0)
DA:7,2
DA:8,16
DA:13,2
LF:3
LH:3
BRF:0
BRH:0
end_of_record
TN:
SF:components/InputField.tsx
FN:14,(anonymous_0)
FNF:1
FNH:1
FNDA:114,(anonymous_0)
DA:14,6
DA:23,114
DA:37,6
LF:3
LH:3
BRDA:19,0,0,58
BRDA:20,1,0,10
BRF:2
BRH:2
end_of_record
TN:
SF:components/PrimaryButton.tsx
FN:10,(anonymous_0)
FNF:1
FNH:1
FNDA:49,(anonymous_0)
DA:10,7
DA:11,49
DA:18,7
LF:3
LH:3
BRF:0
BRH:0
end_of_record
TN:
SF:components/SecondaryButton.tsx
FN:10,(anonymous_0)
FNF:1
FNH:1
FNDA:52,(anonymous_0)
DA:10,6
DA:11,52
DA:18,6
LF:3
LH:3
BRF:0
BRH:0
end_of_record
TN:
SF:screens/CreateProfileScreen.tsx
FN:25,(anonymous_0)
FN:38,(anonymous_1)
FN:89,(anonymous_2)
FNF:3
FNH:3
FNDA:8,(anonymous_0)
FNDA:2,(anonymous_1)
FNDA:1,(anonymous_2)
DA:23,2
DA:25,2
DA:30,8
DA:31,8
DA:32,8
DA:34,8
DA:35,0
DA:38,8
DA:39,2
DA:40,1
DA:43,1
DA:45,1
DA:46,1
DA:49,1
DA:56,1
DA:57,1
DA:58,1
DA:59,1
DA:61,0
DA:62,0
DA:66,8
DA:89,1
DA:99,2
LF:23
LH:20
BRDA:34,0,0,0
BRDA:34,0,1,8
BRDA:39,1,0,1
BRDA:39,1,1,1
BRDA:46,2,0,0
BRDA:46,2,1,1
BRF:6
BRH:4
end_of_record
TN:
SF:screens/LoginScreen.tsx
FN:24,(anonymous_0)
FN:29,(anonymous_1)
FN:30,(anonymous_2)
FN:44,(anonymous_3)
FN:53,(anonymous_4)
FN:58,(anonymous_5)
FN:119,(anonymous_6)
FNF:7
FNH:7
FNDA:16,(anonymous_0)
FNDA:7,(anonymous_1)
FNDA:7,(anonymous_2)
FNDA:3,(anonymous_3)
FNDA:3,(anonymous_4)
FNDA:4,(anonymous_5)
FNDA:1,(anonymous_6)
DA:22,2
DA:24,2
DA:25,16
DA:26,16
DA:29,16
DA:30,7
DA:31,7
DA:32,7
DA:33,7
DA:34,1
DA:35,1
DA:44,16
DA:45,3
DA:46,3
DA:47,3
DA:48,3
DA:49,3
DA:53,16
DA:54,3
DA:58,16
DA:59,4
DA:60,4
DA:61,1
DA:64,3
DA:65,3
DA:66,3
DA:67,3
DA:68,1
DA:73,2
DA:74,1
DA:77,1
DA:78,1
DA:87,1
DA:88,1
DA:90,1
DA:92,3
DA:96,16
DA:119,1
LF:38
LH:38
BRDA:33,0,0,1
BRDA:33,0,1,6
BRDA:46,1,0,0
BRDA:46,1,1,3
BRDA:47,2,0,0
BRDA:47,2,1,3
BRDA:48,3,0,0
BRDA:48,3,1,3
BRDA:60,4,0,1
BRDA:60,4,1,3
BRDA:67,5,0,1
BRDA:67,5,1,2
BRDA:73,6,0,1
BRDA:73,6,1,1
BRDA:90,7,0,1
BRDA:90,7,1,0
BRDA:110,8,0,3
BRDA:110,8,1,13
BRF:18
BRH:14
end_of_record
TN:
SF:screens/ProfileScreen.tsx
FN:37,(anonymous_0)
FN:43,(anonymous_1)
FN:62,(anonymous_2)
FN:72,(anonymous_3)
FN:78,(anonymous_4)
FN:87,(anonymous_5)
FN:131,(anonymous_6)
FN:147,(anonymous_7)
FNF:8
FNH:8
FNDA:12,(anonymous_0)
FNDA:4,(anonymous_1)
FNDA:1,(anonymous_2)
FNDA:4,(anonymous_3)
FNDA:1,(anonymous_4)
FNDA:1,(anonymous_5)
FNDA:1,(anonymous_6)
FNDA:1,(anonymous_7)
DA:26,2
DA:27,2
DA:37,2
DA:38,12
DA:39,12
DA:40,12
DA:41,12
DA:43,12
DA:44,4
DA:45,4
DA:47,4
DA:48,4
DA:49,4
DA:50,4
DA:60,4
DA:61,4
DA:62,4
DA:64,0
DA:66,4
DA:71,12
DA:73,4
DA:78,12
DA:79,1
DA:88,1
DA:89,1
DA:97,12
DA:98,4
DA:105,8
DA:132,1
DA:147,1
DA:160,2
LF:31
LH:30
BRDA:48,0,0,4
BRDA:48,0,1,0
BRDA:61,1,0,4
BRDA:61,1,1,0
BRDA:97,2,0,4
BRDA:97,2,1,8
BRDA:124,3,0,8
BRDA:124,3,1,0
BRDA:130,4,0,1
BRDA:130,4,1,7
BRF:10
BRH:7
end_of_record
TN:
SF:screens/RegisterCustomerScreen.tsx
FN:29,(anonymous_0)
FN:39,(anonymous_1)
FN:40,(anonymous_2)
FN:55,(anonymous_3)
FN:64,(anonymous_4)
FN:69,(anonymous_5)
FN:76,(anonymous_6)
FN:181,(anonymous_7)
FNF:8
FNH:8
FNDA:26,(anonymous_0)
FNDA:6,(anonymous_1)
FNDA:6,(anonymous_2)
FNDA:3,(anonymous_3)
FNDA:3,(anonymous_4)
FNDA:4,(anonymous_5)
FNDA:3,(anonymous_6)
FNDA:1,(anonymous_7)
DA:27,3
DA:29,3
DA:30,26
DA:31,26
DA:32,26
DA:33,26
DA:34,26
DA:35,26
DA:36,26
DA:39,26
DA:40,6
DA:41,6
DA:42,6
DA:43,6
DA:44,6
DA:45,6
DA:47,0
DA:49,6
DA:55,26
DA:56,3
DA:57,3
DA:58,3
DA:59,3
DA:60,3
DA:64,26
DA:65,3
DA:69,26
DA:70,4
DA:71,1
DA:73,3
DA:74,0
DA:76,3
DA:77,3
DA:78,1
DA:84,2
DA:85,2
DA:86,2
DA:87,2
DA:95,2
DA:100,2
DA:101,1
DA:102,1
DA:105,1
DA:106,1
DA:115,1
DA:116,1
DA:118,1
DA:120,2
DA:125,26
DA:126,6
DA:133,20
DA:181,1
DA:191,3
LF:53
LH:51
BRDA:43,0,0,0
BRDA:43,0,1,6
BRDA:47,1,0,0
BRDA:47,1,1,0
BRDA:57,2,0,0
BRDA:57,2,1,3
BRDA:58,3,0,0
BRDA:58,3,1,3
BRDA:59,4,0,0
BRDA:59,4,1,3
BRDA:70,5,0,1
BRDA:70,5,1,3
BRDA:73,6,0,0
BRDA:73,6,1,3
BRDA:73,7,0,3
BRDA:73,7,1,3
BRDA:77,8,0,1
BRDA:77,8,1,2
BRDA:91,9,0,2
BRDA:91,9,1,1
BRDA:100,10,0,1
BRDA:100,10,1,1
BRDA:102,11,0,1
BRDA:102,11,1,0
BRDA:118,12,0,1
BRDA:118,12,1,0
BRDA:125,13,0,6
BRDA:125,13,1,20
BRDA:172,14,0,2
BRDA:172,14,1,18
BRF:30
BRH:21
end_of_record
TN:
SF:screens/types.ts
FNF:0
FNH:0
LF:0
LH:0
BRF:0
BRH:0
end_of_record
